<?xml version="1.0" encoding="UTF-8"?>
<testsuite name="AllergiesTest" tests="2" skipped="0" failures="0" errors="0" timestamp="2016-02-11T23:27:38" hostname="epicodus-58.local" time="0.002">
  <properties/>
  <testcase name="giveAllergens_returnsArrayOfAllergensWhenGivenAllergyScore_allAllergens" classname="AllergiesTest" time="0.002"/>
  <testcase name="giveAllergens_returnsArrayOfAllergensWhenGivenAllergyScore_eggsAndPeanuts" classname="AllergiesTest" time="0.0"/>
  <system-out><![CDATA[0
0
]]></system-out>
  <system-err><![CDATA[]]></system-err>
</testsuite>
